Diagnose log at 2022-09-12T10:45:27Z

Executable: C:\Program Files\Git\mingw64\bin\git-credential-manager-core.exe
Version: 2.0.785+6074e4e3d3

------------
Diagnostic: Environment
Skipped: False
Success: True
Exception: None
Log:
OSType: Windows
OSVersion: 10.0 (build 19044)
Reading environment variables... OK
 Variables:
TMPDIR=C:\Users\STUDI-~1\AppData\Local\Temp
VBOX_MSI_INSTALL_PATH=C:\Program Files\Oracle\VirtualBox\
COMPUTERNAME=DESKTOP-I9
SDL2_LIBRARY=C:\Program Files\CMake\SDL2\lib
SDL2_INCLUDE_DIR=C:\Program Files\CMake\SDL2
CommonProgramFiles(x86)=C:\Program Files (x86)\Common Files
PROCESSOR_LEVEL=6
OneDrive=C:\Users\Studi-Bros\OneDrive
ChocolateyLastPathUpdate=132756942563168613
HOMEPATH=\Users\Studi-Bros
SESSIONNAME=Console
ETHEREUM_SOCKET=\\.\pipe\geth.ipc
SDL2_DIR=C:\Program Files\CMake\SDL2
CommonProgramW6432=C:\Program Files\Common Files
LC_CTYPE=C.UTF-8
PATHEXT=.COM;.EXE;.BAT;.CMD;.VBS;.VBE;.JS;.JSE;.WSF;.WSH;.MSC;.PY;.PYW;.RB;.RBW;.CPL
TERMINAL_EMULATOR=JetBrains-JediTerm
USERNAME=Studi-Bros
MIC_LD_LIBRARY_PATH=C:\Program Files (x86)\Common Files\Intel\Shared Libraries\compiler\lib\mic
TMP=C:\Users\STUDI-~1\AppData\Local\Temp
TEMP=C:\Users\STUDI-~1\AppData\Local\Temp
_OLD_VIRTUAL_PATH=C:\Program Files\Python39\Scripts\;C:\Program Files\Python39\;C:\Program Files\NVIDIA GPU Computing Toolkit\CUDA\v11.4\bin;C:\Program Files\NVIDIA GPU Computing Toolkit\CUDA\v11.4\libnvvp;C:\Program Files\Common Files\Oracle\Java\javapath;C:\Program Files\Java\jdk-15.0.1\bin;C:\Program Files (x86)\Common Files\Intel\Shared Libraries\redist\intel64\compiler;C:\Windows\System32;C:\Windows;C:\Windows\System32\wbem;C:\Windows\System32\WindowsPowerShell\v1.0\;C:\Windows\System32\OpenSSH\;C:\Program Files\PuTTY\;C:\xampp\php;C:\Program Files (x86)\GnuWin32\bin;C:\sdk-tools\platform-tools;C:\sdk-tools\emulator;C:\composer;C:\Program Files\Tesseract-OCR;C:\glade\bin;C:\Program Files (x86)\Windows Kits\10\Windows Performance Toolkit\;C:\Program Files\MATLAB\R2020a\bin;C:\Program Files (x86)\GnuPG\bin;C:\src\flutter\bin;C:\Tools\lzip\bin;C:\Program Files (x86)\Yarn\bin\;C:\src\maven\bin;C:\Users\Studi-Bros\Downloads\chromedriver_win32\;C:\Program Files\NVIDIA Corporation\Nsight Compute 2021.2.1\;C:\Program Files (x86)\NVIDIA Corporation\PhysX\Common;C:\Program Files\NVIDIA Corporation\NVIDIA NvDLISR;C:\Program Files\wkhtmltopdf\bin;C:\Program Files\OpenSSL-Win64\bin;C:\ProgramData\chocolatey;C:\ProgramData\chocolatey\bin;C:\Program Files\nodejs\;C:\Program Files\Git\cmd;C:\Program Files\Cryptowatch Desktop\;C:\Program Files\Docker\Docker\resources\bin;C:\ProgramData\DockerDesktop\version-bin;C:\Program Files\CMake\bin;C:\Program Files\CMake\SDL2\lib\x64;C:\Program Files\CMake\SDL2;C:\Program Files\CMake\boost;C:\Program Files\dotnet\;C:\Program Files\Geth;C:\Ruby26-x64\bin;C:\Users\Studi-Bros\AppData\Local\Microsoft\WindowsApps;C:\Users\Studi-Bros\AppData\Local\Programs\Microsoft VS Code\bin;C:\xampp\php;C:\Program Files\Java\jdk-15.0.1\bin;C:\Program Files (x86)\GnuWin32\bin;C:\Users\Studi-Bros\AppData\Local\GitHubDesktop\bin;C:\sdk-tools\platform-tools;C:\sdk-tools\emulator;C:\Users\Studi-Bros\AppData\Roaming\Composer\vendor\bin;C:\Program Files\Tesseract-OCR;C:\ffmpeg\bin;C:\glade\bin;C:\Users\Studi-Bros\AppData\Local\atom\bin;C:\Program Files\JetBrains\PyCharm Community Edition 2021.2\bin;;C:\Program Files (x86)\mitmproxy\bin;C:\src\flutter\bin;C:\Tools\lzip\bin;C:\Users\Studi-Bros\AppData\Local\Yarn\bin;C:\src\maven\bin;C:\Users\Studi-Bros\Downloads\chromedriver_win32\;C:\Users\Studi-Bros\AppData\Local\Microsoft\WindowsApps;C:\tools\dart-sdk\bin;C:\Users\Studi-Bros\AppData\Roaming\Pub\Cache\bin;C:\Users\Studi-Bros\AppData\Roaming\npm
MSYSTEM=MINGW64
TERM=xterm-256color
PROCESSOR_IDENTIFIER=Intel64 Family 6 Model 158 Stepping 12, GenuineIntel
PSModulePath=C:\Users\Studi-Bros\Documents\WindowsPowerShell\Modules;C:\Program Files\WindowsPowerShell\Modules;C:\WINDOWS\system32\WindowsPowerShell\v1.0\Modules;C:\Program Files\Intel\Wired Networking\
ProgramW6432=C:\Program Files
JAVA_HOME=C:\Program Files\Java\jdk-15.0.1
USERDOMAIN=DESKTOP-I9
HOMEDRIVE=C:
Path=C:/Program Files/Git/mingw64/libexec/git-core;C:\Program Files\Git\mingw64\bin;C:\Program Files\Git\usr\bin;C:\Users\Studi-Bros\bin;C:\Users\Studi-Bros\.virtualenvs\Basic Poker Bot\Scripts;C:\Program Files\Python39\Scripts\;C:\Program Files\Python39\;C:\Program Files\NVIDIA GPU Computing Toolkit\CUDA\v11.4\bin;C:\Program Files\NVIDIA GPU Computing Toolkit\CUDA\v11.4\libnvvp;C:\Program Files\Common Files\Oracle\Java\javapath;C:\Program Files\Java\jdk-15.0.1\bin;C:\Program Files (x86)\Common Files\Intel\Shared Libraries\redist\intel64\compiler;C:\Windows\System32;C:\Windows;C:\Windows\System32\wbem;C:\Windows\System32\WindowsPowerShell\v1.0\;C:\Windows\System32\OpenSSH\;C:\Program Files\PuTTY\;C:\xampp\php;C:\Program Files (x86)\GnuWin32\bin;C:\sdk-tools\platform-tools;C:\sdk-tools\emulator;C:\composer;C:\Program Files\Tesseract-OCR;C:\glade\bin;C:\Program Files (x86)\Windows Kits\10\Windows Performance Toolkit\;C:\Program Files\MATLAB\R2020a\bin;C:\Program Files (x86)\GnuPG\bin;C:\src\flutter\bin;C:\Tools\lzip\bin;C:\Program Files (x86)\Yarn\bin\;C:\src\maven\bin;C:\Users\Studi-Bros\Downloads\chromedriver_win32\;C:\Program Files\NVIDIA Corporation\Nsight Compute 2021.2.1\;C:\Program Files (x86)\NVIDIA Corporation\PhysX\Common;C:\Program Files\NVIDIA Corporation\NVIDIA NvDLISR;C:\Program Files\wkhtmltopdf\bin;C:\Program Files\OpenSSL-Win64\bin;C:\ProgramData\chocolatey;C:\ProgramData\chocolatey\bin;C:\Program Files\nodejs\;C:\Program Files\Git\cmd;C:\Program Files\Cryptowatch Desktop\;C:\Program Files\Docker\Docker\resources\bin;C:\ProgramData\DockerDesktop\version-bin;C:\Program Files\CMake\bin;C:\Program Files\CMake\SDL2\lib\x64;C:\Program Files\CMake\SDL2;C:\Program Files\CMake\boost;C:\Program Files\dotnet\;C:\Program Files\Geth;C:\Ruby26-x64\bin;C:\Users\Studi-Bros\AppData\Local\Microsoft\WindowsApps;C:\Users\Studi-Bros\AppData\Local\Programs\Microsoft VS Code\bin;C:\xampp\php;C:\Program Files\Java\jdk-15.0.1\bin;C:\Program Files (x86)\GnuWin32\bin;C:\Users\Studi-Bros\AppData\Local\GitHubDesktop\bin;C:\sdk-tools\platform-tools;C:\sdk-tools\emulator;C:\Users\Studi-Bros\AppData\Roaming\Composer\vendor\bin;C:\Program Files\Tesseract-OCR;C:\ffmpeg\bin;C:\glade\bin;C:\Users\Studi-Bros\AppData\Local\atom\bin;C:\Program Files\JetBrains\PyCharm Community Edition 2021.2\bin;;C:\Program Files (x86)\mitmproxy\bin;C:\src\flutter\bin;C:\Tools\lzip\bin;C:\Users\Studi-Bros\AppData\Local\Yarn\bin;C:\src\maven\bin;C:\Users\Studi-Bros\Downloads\chromedriver_win32\;C:\Users\Studi-Bros\AppData\Local\Microsoft\WindowsApps;C:\tools\dart-sdk\bin;C:\Users\Studi-Bros\AppData\Roaming\Pub\Cache\bin;C:\Users\Studi-Bros\AppData\Roaming\npm
_OLD_VIRTUAL_PROMPT=$P$G
ALLUSERSPROFILE=C:\ProgramData
PyCharm Community Edition=C:\Program Files\JetBrains\PyCharm Community Edition 2021.2\bin;
NUMBER_OF_PROCESSORS=16
PROMPT=(Basic Poker Bot) $P$G
ProgramFiles(x86)=C:\Program Files (x86)
PUBLIC=C:\Users\Public
FPS_BROWSER_USER_PROFILE_STRING=Default
CommonProgramFiles=C:\Program Files (x86)\Common Files
NVTOOLSEXT_PATH=C:\Program Files\NVIDIA Corporation\NvToolsExt\
ChocolateyInstall=C:\ProgramData\chocolatey
VIRTUAL_ENV=C:\Users\Studi-Bros\.virtualenvs\Basic Poker Bot
USERPROFILE=C:\Users\Studi-Bros
RUBYOPT=-Eutf-8
PLINK_PROTOCOL=ssh
ProgramData=C:\ProgramData
NVCUDASAMPLES11_4_ROOT=C:\ProgramData\NVIDIA Corporation\CUDA Samples\v11.4
ProgramFiles=C:\Program Files (x86)
IDEA_INITIAL_DIRECTORY=C:\Program Files\JetBrains\PyCharm Community Edition 2021.2\bin
SystemRoot=C:\WINDOWS
CUDA_PATH_V11_4=C:\Program Files\NVIDIA GPU Computing Toolkit\CUDA\v11.4
INTEL_DEV_REDIST=C:\Program Files (x86)\Common Files\Intel\Shared Libraries\
CUDA_PATH=C:\Program Files\NVIDIA GPU Computing Toolkit\CUDA\v11.4
HOME=C:\Users\Studi-Bros
NVCUDASAMPLES_ROOT=C:\ProgramData\NVIDIA Corporation\CUDA Samples\v11.4
LOCALAPPDATA=C:\Users\Studi-Bros\AppData\Local
SDL2=C:\Program Files\CMake\SDL2\lib\x64
LOGONSERVER=\\DESKTOP-I9
ChocolateyToolsLocation=C:\tools
GIT_EXEC_PATH=C:/Program Files/Git/mingw64/libexec/git-core
PROCESSOR_REVISION=9e0c
VS140COMNTOOLS=C:\Program Files (x86)\Microsoft Visual Studio 14.0\Common7\Tools\
USERDOMAIN_ROAMINGPROFILE=DESKTOP-I9
APPDATA=C:\Users\Studi-Bros\AppData\Roaming
COLORTERM=truecolor
TERM_SESSION_ID=5426d122-5424-4fe6-9bea-0a3690fe5757
BLPAPI_ROOT=C:\blp\DAPI\
OPENSSL_CONF=C:\Program Files\PostgreSQL\psqlODBC\etc\openssl.cnf
SDL2_image=C:\Program Files\CMake\SDL2
ANDROID_SDK_ROOT=C:\Users\Studi-Bros\AppData\Local\Android\Sdk
PROCESSOR_ARCHITEW6432=AMD64
FPS_BROWSER_APP_PROFILE_STRING=Internet Explorer
PROCESSOR_ARCHITECTURE=x86
OS=Windows_NT
ComSpec=C:\WINDOWS\system32\cmd.exe
__INTELLIJ_COMMAND_HISTFILE__=C:\Users\Studi-Bros\AppData\Local\JetBrains\PyCharmCE2021.2\terminal\history\Basic Poker Bot-history
SystemDrive=C:
windir=C:\WINDOWS
OneDriveConsumer=C:\Users\Studi-Bros\OneDrive
DriverData=C:\Windows\System32\Drivers\DriverData


------------
Diagnostic: File system
Skipped: False
Success: True
Exception: None
Log:
Temporary directory is 'C:\Users\Studi-Bros\AppData\Local\Temp\'...
Checking basic file I/O...
Writing to temporary file 'C:\Users\Studi-Bros\AppData\Local\Temp\aef94419989f8483eaddbe74'... OK
Reading from temporary file 'C:\Users\Studi-Bros\AppData\Local\Temp\aef94419989f8483eaddbe74'... OK
Deleting temporary file 'C:\Users\Studi-Bros\AppData\Local\Temp\aef94419989f8483eaddbe74'... OK
Testing IFileSystem instance...
UserHomePath: C:\Users\Studi-Bros
UserDataDirectoryPath: C:\Users\Studi-Bros\.gcm
GetCurrentDirectory(): C:\Users\Studi-Bros\Github Akram\Basic Poker Bot

------------
Diagnostic: Networking
Skipped: False
Success: True
Exception: None
Log:
Checking basic networking and HTTP stack...
Creating HTTP client... OK
IsNetworkAvailable: True
Sending HEAD request to http://example.com... OK
Sending HEAD request to https://example.com... OK
Acquiring free TCP port... OK
Testing local HTTP loopback connections...
Creating new HTTP listener for http://localhost:49156/... OK
Waiting for loopback connection... OK
Writing response... OK
Waiting for response data... OK
Loopback connection data OK
Testing with IHttpClientFactory created HTTP client...
Creating HTTP client... OK
IsNetworkAvailable: True
Sending HEAD request to http://example.com... OK
Sending HEAD request to https://example.com... OK
Acquiring free TCP port... OK
Testing local HTTP loopback connections...
Creating new HTTP listener for http://localhost:49160/... OK
Waiting for loopback connection... OK
Writing response... OK
Waiting for response data... OK
Loopback connection data OK

------------
Diagnostic: Git
Skipped: False
Success: True
Exception: None
Log:
Getting Git version... OK
Git version is '2.37.3.windows.1'
Locating current repository... OK
Git repository at 'C:/Users/Studi-Bros/Github Akram/Basic Poker Bot/.git'
Listing all Git configuration... OK
Git configuration:
file:C:/Program Files/Git/etc/gitconfig	http.sslcainfo=C:/Program Files/Git/mingw64/ssl/certs/ca-bundle.crt
file:C:/Program Files/Git/etc/gitconfig	http.sslbackend=openssl
file:C:/Program Files/Git/etc/gitconfig	diff.astextplain.textconv=astextplain
file:C:/Program Files/Git/etc/gitconfig	filter.lfs.clean=git-lfs clean -- %f
file:C:/Program Files/Git/etc/gitconfig	filter.lfs.smudge=git-lfs smudge -- %f
file:C:/Program Files/Git/etc/gitconfig	filter.lfs.process=git-lfs filter-process
file:C:/Program Files/Git/etc/gitconfig	filter.lfs.required=true
file:C:/Program Files/Git/etc/gitconfig	credential.helper=manager-core
file:C:/Program Files/Git/etc/gitconfig	core.autocrlf=true
file:C:/Program Files/Git/etc/gitconfig	core.fscache=true
file:C:/Program Files/Git/etc/gitconfig	core.symlinks=true
file:C:/Program Files/Git/etc/gitconfig	pull.rebase=false
file:C:/Program Files/Git/etc/gitconfig	credential.https://dev.azure.com.usehttppath=true
file:C:/Program Files/Git/etc/gitconfig	init.defaultbranch=main
file:C:/Users/Studi-Bros/.gitconfig	merge.tool=kdiff3
file:C:/Users/Studi-Bros/.gitconfig	mergetool.kdiff3.path=C:/Program Files (x86)/KDiff3/kdiff3.exe
file:C:/Users/Studi-Bros/.gitconfig	diff.guitool=kdiff3
file:C:/Users/Studi-Bros/.gitconfig	difftool.kdiff3.path=C:/Program Files (x86)/KDiff3/kdiff3.exe
file:C:/Users/Studi-Bros/.gitconfig	core.editor="C:\Users\Studi-Bros\AppData\Local\Programs\Microsoft VS Code\bin\code" --wait
file:C:/Users/Studi-Bros/.gitconfig	user.email=akrem_slindy@hotmail.com
file:C:/Users/Studi-Bros/.gitconfig	user.name=Akram Bakhouche
file:C:/Users/Studi-Bros/.gitconfig	filter.lfs.smudge=git-lfs smudge -- %f
file:C:/Users/Studi-Bros/.gitconfig	filter.lfs.process=git-lfs filter-process
file:C:/Users/Studi-Bros/.gitconfig	filter.lfs.required=true
file:C:/Users/Studi-Bros/.gitconfig	filter.lfs.clean=git-lfs clean -- %f
file:C:/Users/Studi-Bros/.gitconfig	credential.helper=manager-core
file:C:/Users/Studi-Bros/.gitconfig	credential.helper=
file:C:/Users/Studi-Bros/.gitconfig	credential.helper=C:/Program\ Files/Git/mingw64/bin/git-credential-manager-core.exe
file:.git/config	core.repositoryformatversion=0
file:.git/config	core.filemode=false
file:.git/config	core.bare=false
file:.git/config	core.logallrefupdates=true
file:.git/config	core.symlinks=false
file:.git/config	core.ignorecase=true
file:.git/config	remote.origin.url=git@github.com:akrambak/basic_poker_bot.git
file:.git/config	remote.origin.fetch=+refs/heads/*:refs/remotes/origin/*


------------
Diagnostic: Credential storage
Skipped: False
Success: True
Exception: None
Log:
ICredentialStore instance is of type: CredentialStore
Writing test credential... OK
Reading test credential... OK
Deleting test credential... OK

------------
Diagnostic: Microsoft authentication (AAD/MSA)
Skipped: False
Success: True
Exception: None
Log:
Broker not supported.
Flow type is: Auto
Gathering MSAL token cache data... OK
CacheDirectory: C:\Users\Studi-Bros\AppData\Local\.IdentityService
CacheFileName: msal.cache
CacheFilePath: C:\Users\Studi-Bros\AppData\Local\.IdentityService\msal.cache
Creating cache helper... OK
Verifying MSAL token cache persistence... OK

------------
Diagnostic: GitHub API
Skipped: False
Success: True
Exception: None
Log:
Using 'https://github.com/' as API target.
Querying '/meta' endpoint... OK

